<?xml version="1.0" encoding="UTF-8"?>
<testng-results ignored="0" total="4" passed="4" failed="0" skipped="0">
  <reporter-output>
  </reporter-output>
  <suite started-at="2024-04-22T17:20:45 IST" name="Default suite" finished-at="2024-04-22T17:22:40 IST" duration-ms="114728">
    <groups>
      <group name="cucumber">
        <method signature="AbstractTestNGCucumberTests.runScenario(io.cucumber.testng.PickleWrapper,io.cucumber.testng.FeatureWrapper)[pri:0, instance:TestRunner.TestRun@4b45a2f5]" name="runScenario" class="io.cucumber.testng.AbstractTestNGCucumberTests"/>
      </group> <!-- cucumber -->
    </groups>
    <test started-at="2024-04-22T17:20:45 IST" name="Default test" finished-at="2024-04-22T17:22:40 IST" duration-ms="114728">
      <class name="TestRunner.TestRun">
        <test-method is-config="true" signature="setUpClass(org.testng.ITestContext)[pri:0, instance:TestRunner.TestRun@4b45a2f5]" started-at="2024-04-22T17:20:45 IST" name="setUpClass" finished-at="2024-04-22T17:20:46 IST" duration-ms="1488" status="PASS">
          <params>
            <param index="0">
              <value>
                <![CDATA[org.testng.TestRunner@44392e64]]>
              </value>
            </param>
          </params>
          <reporter-output>
          </reporter-output>
        </test-method> <!-- setUpClass -->
        <test-method signature="runScenario(io.cucumber.testng.PickleWrapper,io.cucumber.testng.FeatureWrapper)[pri:0, instance:TestRunner.TestRun@4b45a2f5]" started-at="2024-04-22T17:20:46 IST" name="runScenario" description="Runs Cucumber Scenarios" data-provider="scenarios" finished-at="2024-04-22T17:21:05 IST" duration-ms="18563" status="PASS">
          <params>
            <param index="0">
              <value>
                <![CDATA["Check whether the application can be accessed"]]>
              </value>
            </param>
            <param index="1">
              <value>
                <![CDATA["Select ServiceType and Subcategory"]]>
              </value>
            </param>
          </params>
          <reporter-output>
          </reporter-output>
        </test-method> <!-- runScenario -->
        <test-method signature="runScenario(io.cucumber.testng.PickleWrapper,io.cucumber.testng.FeatureWrapper)[pri:0, instance:TestRunner.TestRun@4b45a2f5]" started-at="2024-04-22T17:21:05 IST" name="runScenario" description="Runs Cucumber Scenarios" data-provider="scenarios" finished-at="2024-04-22T17:21:28 IST" duration-ms="22937" status="PASS">
          <params>
            <param index="0">
              <value>
                <![CDATA["Display All service type and Subcategory"]]>
              </value>
            </param>
            <param index="1">
              <value>
                <![CDATA["Select ServiceType and Subcategory"]]>
              </value>
            </param>
          </params>
          <reporter-output>
          </reporter-output>
        </test-method> <!-- runScenario -->
        <test-method signature="runScenario(io.cucumber.testng.PickleWrapper,io.cucumber.testng.FeatureWrapper)[pri:0, instance:TestRunner.TestRun@4b45a2f5]" started-at="2024-04-22T17:21:28 IST" name="runScenario" description="Runs Cucumber Scenarios" data-provider="scenarios" finished-at="2024-04-22T17:21:50 IST" duration-ms="21564" status="PASS">
          <params>
            <param index="0">
              <value>
                <![CDATA["Capture the error message"]]>
              </value>
            </param>
            <param index="1">
              <value>
                <![CDATA["Registering the users"]]>
              </value>
            </param>
          </params>
          <reporter-output>
          </reporter-output>
        </test-method> <!-- runScenario -->
        <test-method signature="runScenario(io.cucumber.testng.PickleWrapper,io.cucumber.testng.FeatureWrapper)[pri:0, instance:TestRunner.TestRun@4b45a2f5]" started-at="2024-04-22T17:21:50 IST" name="runScenario" description="Runs Cucumber Scenarios" data-provider="scenarios" finished-at="2024-04-22T17:22:36 IST" duration-ms="46227" status="PASS">
          <params>
            <param index="0">
              <value>
                <![CDATA["Center names"]]>
              </value>
            </param>
            <param index="1">
              <value>
                <![CDATA["Capture the Center name"]]>
              </value>
            </param>
          </params>
          <reporter-output>
          </reporter-output>
        </test-method> <!-- runScenario -->
        <test-method is-config="true" signature="tearDownClass()[pri:0, instance:TestRunner.TestRun@4b45a2f5]" started-at="2024-04-22T17:22:36 IST" name="tearDownClass" finished-at="2024-04-22T17:22:40 IST" duration-ms="3899" status="PASS">
          <reporter-output>
          </reporter-output>
        </test-method> <!-- tearDownClass -->
      </class> <!-- TestRunner.TestRun -->
    </test> <!-- Default test -->
  </suite> <!-- Default suite -->
</testng-results>
